{
  "RSpec": {
    "coverage": {
      "/home/shreekanth/Projects/Test/app/helpers/api/user_helper.rb": {
        "lines": [
          1,
          null
        ]
      },
      "/home/shreekanth/Projects/Test/app/helpers/application_helper.rb": {
        "lines": [
          1,
          null
        ]
      },
      "/home/shreekanth/Projects/Test/app/controllers/api/user_controller.rb": {
        "lines": [
          1,
          1,
          2,
          null,
          1,
          1,
          null,
          1,
          1,
          1,
          null,
          1,
          1,
          1,
          1,
          null,
          1,
          1,
          null,
          1,
          2,
          2,
          null,
          1,
          1,
          1,
          1,
          1,
          null,
          1,
          1,
          null,
          1,
          1,
          3,
          null,
          null
        ]
      },
      "/home/shreekanth/Projects/Test/app/controllers/application_controller.rb": {
        "lines": [
          1,
          1,
          null
        ]
      },
      "/home/shreekanth/Projects/Test/spec/model/user_spec.rb": {
        "lines": [
          null,
          null,
          null,
          null,
          null,
          null,
          null,
          null,
          null,
          null
        ]
      },
      "/home/shreekanth/Projects/Test/app/models/user.rb": {
        "lines": [
          1,
          1,
          1,
          1,
          null,
          null
        ]
      },
      "/home/shreekanth/Projects/Test/app/models/application_record.rb": {
        "lines": [
          1,
          1,
          null
        ]
      }
    },
    "timestamp": 1653049037
  }
}
